[0m[[0m[0mdebug[0m] [0m[0m> Exec(test, Some(937b7ac6-83c3-4a6b-9316-1ba0be28fe4b), Some(CommandSource(console0)))[0m
[0m[[0m[0mdebug[0m] [0m[0mEvaluating tasks: flags / Test / test, cliParser / Test / test, Test / test[0m
[0m[[0m[0mdebug[0m] [0m[0mRunning task... Cancel: Signal, check cycles: false, forcegc: true[0m
[0m[[0m[0minfo[0m] [0m[0mcompiling 1 Scala source to /home/knoldus/IdeaProjects/Raatbhar/flags/target/scala-2.12/classes ...[0m
[0m[[0m[0minfo[0m] [0m[0m[36mRun completed in 77 milliseconds.[0m[0m
[0m[[0m[0minfo[0m] [0m[0m[36mTotal number of tests run: 0[0m[0m
[0m[[0m[0minfo[0m] [0m[0m[36mSuites: completed 0, aborted 0[0m[0m
[0m[[0m[0minfo[0m] [0m[0m[36mTests: succeeded 0, failed 0, canceled 0, ignored 0, pending 0[0m[0m
[0m[[0m[0minfo[0m] [0m[0m[33mNo tests were executed.[0m[0m
[0m[[0m[0minfo[0m] [0m[0mcompiling 1 Scala source to /home/knoldus/IdeaProjects/Raatbhar/flags/target/scala-2.12/test-classes ...[0m
[0m[[0m[33mwarn[0m] [0m[0m/home/knoldus/IdeaProjects/Raatbhar/flags/src/test/scala/com/knoldus/HitlerTest.scala:3:20: imported `Hitler' is permanently hidden by definition of class Hitler in package knoldus[0m
[0m[[0m[33mwarn[0m] [0m[0mimport com.knoldus.Hitler[0m
[0m[[0m[33mwarn[0m] [0m[0m                   ^[0m
[0m[[0m[0minfo[0m] [0m[0m[36mRun completed in 46 milliseconds.[0m[0m
[0m[[0m[0minfo[0m] [0m[0m[36mTotal number of tests run: 0[0m[0m
[0m[[0m[0minfo[0m] [0m[0m[36mSuites: completed 0, aborted 0[0m[0m
[0m[[0m[0minfo[0m] [0m[0m[36mTests: succeeded 0, failed 0, canceled 0, ignored 0, pending 0[0m[0m
[0m[[0m[0minfo[0m] [0m[0m[33mNo tests were executed.[0m[0m
[0m[[0m[33mwarn[0m] [0m[0mthere were two deprecation warnings (since 2.11.0); re-run with -deprecation for details[0m
[0m[[0m[33mwarn[0m] [0m[0mtwo warnings found[0m
[0m[[0m[0minfo[0m] [0m[0m[32mHitlerTest:[0m[0m
[0m[[0m[0minfo[0m] [0m[0m[32m--help[0m[0m
[0m[[0m[0minfo[0m] [0m[0m[32m- should always return a pay contains details about all the flags[0m[0m
[0m[[0m[0minfo[0m] [0m[0m[32m--help[0m[0m
[0m[[0m[0minfo[0m] [0m[0m[32m- should not return a () in any case[0m[0m
[0m[[0m[0minfo[0m] [0m[0m[32m-s[0m[0m
[0m[[0m[0minfo[0m] [0m[0m[32m- should always return $ for printing[0m[0m
[0m[[0m[0minfo[0m] [0m[0m[32m-s[0m[0m
[0m[[0m[0minfo[0m] [0m[0m[32m- should not return anything other than $[0m[0m
[0m[[0m[0minfo[0m] [0m[0m[32m-a[0m[0m
[0m[[0m[0minfo[0m] [0m[0m[32m- should always return @ for printing[0m[0m
[0m[[0m[0minfo[0m] [0m[0m[32m-a[0m[0m
[0m[[0m[0minfo[0m] [0m[0m[32m- should not return anything other than @[0m[0m
[0m[[0m[0minfo[0m] [0m[0m[32m-k[0m[0m
[0m[[0m[0minfo[0m] [0m[0m[32m- should always return * for printing[0m[0m
[0m[[0m[0minfo[0m] [0m[0m[32m-k[0m[0m
[0m[[0m[0minfo[0m] [0m[0m[32m- should never return unit()[0m[0m
[0m[[0m[0minfo[0m] [0m[0m[32m-i[0m[0m
[0m[[0m[0minfo[0m] [0m[0m[32m- should always return ! for printing[0m[0m
[0m[[0m[0minfo[0m] [0m[0m[32m-i[0m[0m
[0m[[0m[0minfo[0m] [0m[0m[32m- should never return ! for printing[0m[0m
[0m[[0m[0minfo[0m] [0m[0m[36mRun completed in 346 milliseconds.[0m[0m
[0m[[0m[0minfo[0m] [0m[0m[36mTotal number of tests run: 10[0m[0m
[0m[[0m[0minfo[0m] [0m[0m[36mSuites: completed 1, aborted 0[0m[0m
[0m[[0m[0minfo[0m] [0m[0m[36mTests: succeeded 10, failed 0, canceled 0, ignored 0, pending 0[0m[0m
[0m[[0m[0minfo[0m] [0m[0m[32mAll tests passed.[0m[0m
[0m[[0m[32msuccess[0m] [0m[0mTotal time: 5 s, completed 05-Mar-2021, 10:52:44 PM[0m
[0m[[0m[0mdebug[0m] [0m[0m> Exec(shell, None, None)[0m
[0m[[0m[0mdebug[0m] [0m[0mForcing garbage collection...[0m
