[0m[[0m[0mdebug[0m] [0m[0m> Exec(assembly, Some(ffade258-52d7-44f5-8dcb-75601162cb2f), Some(CommandSource(console0)))[0m
[0m[[0m[0mdebug[0m] [0m[0mEvaluating tasks: flags / assembly, cliParser / assembly, assembly[0m
[0m[[0m[0mdebug[0m] [0m[0mRunning task... Cancel: Signal, check cycles: false, forcegc: true[0m
[0m[[0m[0minfo[0m] [0m[0mIncluding: scala-library-2.13.5.jar[0m
[0m[[0m[0minfo[0m] [0m[0mIncluding: scala-library.jar[0m
[0m[[0m[0minfo[0m] [0m[0mIncluding: scala-library.jar[0m
[0m[[0m[0minfo[0m] [0m[0m[36mRun completed in 63 milliseconds.[0m[0m
[0m[[0m[0minfo[0m] [0m[0m[36mTotal number of tests run: 0[0m[0m
[0m[[0m[0minfo[0m] [0m[0m[36mSuites: completed 0, aborted 0[0m[0m
[0m[[0m[0minfo[0m] [0m[0m[36mTests: succeeded 0, failed 0, canceled 0, ignored 0, pending 0[0m[0m
[0m[[0m[0minfo[0m] [0m[0m[33mNo tests were executed.[0m[0m
[0m[[0m[0minfo[0m] [0m[0mChecking every *.class/*.jar file's SHA-1.[0m
[0m[[0m[0minfo[0m] [0m[0mMerging files...[0m
[0m[[0m[33mwarn[0m] [0m[0mMerging 'NOTICE' with strategy 'rename'[0m
[0m[[0m[33mwarn[0m] [0m[0mMerging 'LICENSE' with strategy 'rename'[0m
[0m[[0m[33mwarn[0m] [0m[0mMerging 'META-INF/MANIFEST.MF' with strategy 'discard'[0m
[0m[[0m[33mwarn[0m] [0m[0mStrategy 'discard' was applied to a file[0m
[0m[[0m[33mwarn[0m] [0m[0mStrategy 'rename' was applied to 2 files[0m
[0m[[0m[0minfo[0m] [0m[0mSHA-1: bf018108ce4c5f3495d48d88f07cc2df12a72cf0[0m
[0m[[0m[0minfo[0m] [0m[0mcompiling 1 Scala source to /home/knoldus/IdeaProjects/Scaladevil/flags/target/scala-2.12/test-classes ...[0m
[0m[[0m[0minfo[0m] [0m[0m[36mRun completed in 40 milliseconds.[0m[0m
[0m[[0m[0minfo[0m] [0m[0m[36mTotal number of tests run: 0[0m[0m
[0m[[0m[0minfo[0m] [0m[0m[36mSuites: completed 0, aborted 0[0m[0m
[0m[[0m[0minfo[0m] [0m[0m[36mTests: succeeded 0, failed 0, canceled 0, ignored 0, pending 0[0m[0m
[0m[[0m[0minfo[0m] [0m[0m[33mNo tests were executed.[0m[0m
[0m[[0m[0minfo[0m] [0m[0mChecking every *.class/*.jar file's SHA-1.[0m
[0m[[0m[0minfo[0m] [0m[0mMerging files...[0m
[0m[[0m[33mwarn[0m] [0m[0mMerging 'NOTICE' with strategy 'rename'[0m
[0m[[0m[33mwarn[0m] [0m[0mMerging 'LICENSE' with strategy 'rename'[0m
[0m[[0m[33mwarn[0m] [0m[0mMerging 'META-INF/MANIFEST.MF' with strategy 'discard'[0m
[0m[[0m[33mwarn[0m] [0m[0mStrategy 'discard' was applied to a file[0m
[0m[[0m[33mwarn[0m] [0m[0mStrategy 'rename' was applied to 2 files[0m
[0m[[0m[0minfo[0m] [0m[0mSHA-1: 162837e3ec57c40ad6d0df87be47bb964a52a4f0[0m
[0m[[0m[33mwarn[0m] [0m[0m/home/knoldus/IdeaProjects/Scaladevil/flags/src/test/scala/com/knoldus/CliparserTest.scala:3:20: imported `Cliparser' is permanently hidden by definition of class Cliparser in package knoldus[0m
[0m[[0m[33mwarn[0m] [0m[0mimport com.knoldus.Cliparser[0m
[0m[[0m[33mwarn[0m] [0m[0m                   ^[0m
[0m[[0m[33mwarn[0m] [0m[0mthere were two deprecation warnings (since 2.11.0); re-run with -deprecation for details[0m
[0m[[0m[33mwarn[0m] [0m[0mtwo warnings found[0m
[0m[[0m[0minfo[0m] [0m[0m[32mCliparserTest:[0m[0m
[0m[[0m[0minfo[0m] [0m[0m[32m--help[0m[0m
[0m[[0m[0minfo[0m] [0m[0m[32m- should always return a pay contains details about all the flags[0m[0m
[0m[[0m[0minfo[0m] [0m[0m[32m--help[0m[0m
[0m[[0m[0minfo[0m] [0m[0m[32m- should not return a () in any case[0m[0m
[0m[[0m[0minfo[0m] [0m[0m[32m-s[0m[0m
[0m[[0m[0minfo[0m] [0m[0m[32m- should always return $ for printing[0m[0m
[0m[[0m[0minfo[0m] [0m[0m[32m-s[0m[0m
[0m[[0m[0minfo[0m] [0m[0m[32m- should not return anything other than $[0m[0m
[0m[[0m[0minfo[0m] [0m[0m[32m-a[0m[0m
[0m[[0m[0minfo[0m] [0m[0m[32m- should always return @ for printing[0m[0m
[0m[[0m[0minfo[0m] [0m[0m[32m-a[0m[0m
[0m[[0m[0minfo[0m] [0m[0m[32m- should not return anything other than @[0m[0m
[0m[[0m[0minfo[0m] [0m[0m[32m-k[0m[0m
[0m[[0m[0minfo[0m] [0m[0m[32m- should always return * for printing[0m[0m
[0m[[0m[0minfo[0m] [0m[0m[32m-k[0m[0m
[0m[[0m[0minfo[0m] [0m[0m[32m- should never return unit()[0m[0m
[0m[[0m[0minfo[0m] [0m[0m[32m-i[0m[0m
[0m[[0m[0minfo[0m] [0m[0m[32m- should always return ! for printing[0m[0m
[0m[[0m[0minfo[0m] [0m[0m[32m-i[0m[0m
[0m[[0m[0minfo[0m] [0m[0m[32m- should never return ! for printing[0m[0m
[0m[[0m[0minfo[0m] [0m[0m[32mIf any wrong flag is passed it[0m[0m
[0m[[0m[0minfo[0m] [0m[0m[32m- should always gives exception and return '^' Character[0m[0m
[0m[[0m[0minfo[0m] [0m[0m[36mRun completed in 272 milliseconds.[0m[0m
[0m[[0m[0minfo[0m] [0m[0m[36mTotal number of tests run: 11[0m[0m
[0m[[0m[0minfo[0m] [0m[0m[36mSuites: completed 1, aborted 0[0m[0m
[0m[[0m[0minfo[0m] [0m[0m[36mTests: succeeded 11, failed 0, canceled 0, ignored 0, pending 0[0m[0m
[0m[[0m[0minfo[0m] [0m[0m[32mAll tests passed.[0m[0m
[0m[[0m[0minfo[0m] [0m[0mChecking every *.class/*.jar file's SHA-1.[0m
[0m[[0m[0minfo[0m] [0m[0mMerging files...[0m
[0m[[0m[33mwarn[0m] [0m[0mMerging 'NOTICE' with strategy 'rename'[0m
[0m[[0m[33mwarn[0m] [0m[0mMerging 'LICENSE' with strategy 'rename'[0m
[0m[[0m[33mwarn[0m] [0m[0mMerging 'META-INF/MANIFEST.MF' with strategy 'discard'[0m
[0m[[0m[33mwarn[0m] [0m[0mStrategy 'discard' was applied to a file[0m
[0m[[0m[33mwarn[0m] [0m[0mStrategy 'rename' was applied to 2 files[0m
[0m[[0m[0minfo[0m] [0m[0mSHA-1: 5842793f903050ad4aa2fb5b1e71c20cba535853[0m
[0m[[0m[32msuccess[0m] [0m[0mTotal time: 7 s, completed 07-Mar-2021, 4:24:22 AM[0m
[0m[[0m[0mdebug[0m] [0m[0m> Exec(shell, None, None)[0m
